2024-09-15T07:47:38.797+03:00  INFO 13064 --- [main] c.e.tazameken.TazaMekenApplication       : Starting TazaMekenApplication using Java 17.0.12 with PID 13064 (C:\Users\Argen\Desktop\TazaMeken\target\classes started by Argen in C:\Users\Argen\Desktop\TazaMeken)
2024-09-15T07:47:38.810+03:00  INFO 13064 --- [main] c.e.tazameken.TazaMekenApplication       : No active profile set, falling back to 1 default profile: "default"
2024-09-15T07:47:41.364+03:00  INFO 13064 --- [main] .s.d.r.c.RepositoryConfigurationDelegate : Bootstrapping Spring Data JPA repositories in DEFAULT mode.
2024-09-15T07:47:41.498+03:00  INFO 13064 --- [main] .s.d.r.c.RepositoryConfigurationDelegate : Finished Spring Data repository scanning in 117 ms. Found 2 JPA repository interfaces.
2024-09-15T07:47:42.722+03:00  INFO 13064 --- [main] o.s.b.w.embedded.tomcat.TomcatWebServer  : Tomcat initialized with port 8089 (http)
2024-09-15T07:47:42.761+03:00  INFO 13064 --- [main] o.apache.catalina.core.StandardService   : Starting service [Tomcat]
2024-09-15T07:47:42.763+03:00  INFO 13064 --- [main] o.apache.catalina.core.StandardEngine    : Starting Servlet engine: [Apache Tomcat/10.1.28]
2024-09-15T07:47:43.094+03:00  INFO 13064 --- [main] o.a.c.c.C.[Tomcat].[localhost].[/]       : Initializing Spring embedded WebApplicationContext
2024-09-15T07:47:43.096+03:00  INFO 13064 --- [main] w.s.c.ServletWebServerApplicationContext : Root WebApplicationContext: initialization completed in 4107 ms
2024-09-15T07:47:43.153+03:00 DEBUG 13064 --- [main] o.s.b.w.s.ServletContextInitializerBeans : Mapping filters: springSecurityFilterChain urls=[/*] order=-100, characterEncodingFilter urls=[/*] order=-2147483648, formContentFilter urls=[/*] order=-9900, requestContextFilter urls=[/*] order=-105
2024-09-15T07:47:43.155+03:00 DEBUG 13064 --- [main] o.s.b.w.s.ServletContextInitializerBeans : Mapping servlets: dispatcherServlet urls=[/]
2024-09-15T07:47:43.568+03:00  INFO 13064 --- [main] com.zaxxer.hikari.HikariDataSource       : HikariPool-1 - Starting...
2024-09-15T07:47:44.047+03:00  INFO 13064 --- [main] com.zaxxer.hikari.pool.HikariPool        : HikariPool-1 - Added connection org.postgresql.jdbc.PgConnection@6f1fa1d0
2024-09-15T07:47:44.050+03:00  INFO 13064 --- [main] com.zaxxer.hikari.HikariDataSource       : HikariPool-1 - Start completed.
2024-09-15T07:47:44.620+03:00  INFO 13064 --- [main] liquibase.database                       : Set default schema name to public
2024-09-15T07:47:45.257+03:00  INFO 13064 --- [main] liquibase.changelog                      : Reading resource: db/changelog/initial/001_bid_table.yaml
2024-09-15T07:47:45.280+03:00  INFO 13064 --- [main] liquibase.changelog                      : Reading resource: db/changelog/initial/002_create_user_table.yaml
2024-09-15T07:47:45.287+03:00  INFO 13064 --- [main] liquibase.changelog                      : Reading resource: db/changelog/initial/003_create_role.yaml
2024-09-15T07:47:45.301+03:00  INFO 13064 --- [main] liquibase.changelog                      : Reading resource: db/changelog/initial/004_create_tables_for_marketplace.yaml
2024-09-15T07:47:45.579+03:00  INFO 13064 --- [main] liquibase.changelog                      : Reading from public.databasechangelog
2024-09-15T07:47:45.796+03:00  INFO 13064 --- [main] liquibase.lockservice                    : Successfully acquired change log lock
2024-09-15T07:47:45.801+03:00  INFO 13064 --- [main] liquibase.command                        : Using deploymentId: 6375665801
2024-09-15T07:47:45.809+03:00  INFO 13064 --- [main] liquibase.changelog                      : Reading from public.databasechangelog
2024-09-15T07:47:45.853+03:00  INFO 13064 --- [main] liquibase.ui                             : Running Changeset: db/changelog/initial/004_create_tables_for_marketplace.yaml::create tables for marketplace::Argen
2024-09-15T07:47:45.923+03:00  INFO 13064 --- [main] liquibase.changelog                      : Table categories created
2024-09-15T07:47:45.943+03:00  INFO 13064 --- [main] liquibase.changelog                      : Table gender created
2024-09-15T07:47:45.963+03:00  INFO 13064 --- [main] liquibase.changelog                      : Table genders created
2024-09-15T07:47:45.983+03:00  INFO 13064 --- [main] liquibase.changelog                      : Table colors created
2024-09-15T07:47:46.009+03:00 ERROR 13064 --- [main] liquibase.changelog                      : ChangeSet db/changelog/initial/004_create_tables_for_marketplace.yaml::create tables for marketplace::Argen encountered an exception.

liquibase.exception.DatabaseException: ERROR: type "long" does not exist
  Позиция: 189 [Failed SQL: (0) CREATE TABLE public.clothes (id BIGINT GENERATED BY DEFAULT AS IDENTITY NOT NULL, category_id BIGINT NOT NULL, color_id BIGINT NOT NULL, gender_id BIGINT NOT NULL, size VARCHAR(10), price LONG, photo_name VARCHAR(250), is_sold BOOLEAN, CONSTRAINT clothes_pkey PRIMARY KEY (id), CONSTRAINT fk_color_clothes_id FOREIGN KEY (color_id) REFERENCES public.colors(id), CONSTRAINT fk_gender_clothes_id FOREIGN KEY (gender_id) REFERENCES public.genders(id), CONSTRAINT fk_category_clothes_id FOREIGN KEY (category_id) REFERENCES public.categories(id))]
	at liquibase.executor.jvm.JdbcExecutor$ExecuteStatementCallback.doInStatement(JdbcExecutor.java:476) ~[liquibase-core-4.29.1.jar:na]
	at liquibase.executor.jvm.JdbcExecutor.execute(JdbcExecutor.java:83) ~[liquibase-core-4.29.1.jar:na]
	at liquibase.executor.jvm.JdbcExecutor.execute(JdbcExecutor.java:185) ~[liquibase-core-4.29.1.jar:na]
	at liquibase.executor.AbstractExecutor.execute(AbstractExecutor.java:141) ~[liquibase-core-4.29.1.jar:na]
	at liquibase.database.AbstractJdbcDatabase.executeStatements(AbstractJdbcDatabase.java:1189) ~[liquibase-core-4.29.1.jar:na]
	at liquibase.changelog.ChangeSet.execute(ChangeSet.java:775) ~[liquibase-core-4.29.1.jar:na]
	at liquibase.changelog.visitor.UpdateVisitor.executeAcceptedChange(UpdateVisitor.java:119) ~[liquibase-core-4.29.1.jar:na]
	at liquibase.changelog.visitor.UpdateVisitor.visit(UpdateVisitor.java:68) ~[liquibase-core-4.29.1.jar:na]
	at liquibase.changelog.ChangeLogIterator.lambda$run$0(ChangeLogIterator.java:131) ~[liquibase-core-4.29.1.jar:na]
	at liquibase.Scope.lambda$child$0(Scope.java:191) ~[liquibase-core-4.29.1.jar:na]
	at liquibase.Scope.child(Scope.java:200) ~[liquibase-core-4.29.1.jar:na]
	at liquibase.Scope.child(Scope.java:190) ~[liquibase-core-4.29.1.jar:na]
	at liquibase.Scope.child(Scope.java:169) ~[liquibase-core-4.29.1.jar:na]
	at liquibase.changelog.ChangeLogIterator.lambda$run$1(ChangeLogIterator.java:120) ~[liquibase-core-4.29.1.jar:na]
	at liquibase.Scope.lambda$child$0(Scope.java:191) ~[liquibase-core-4.29.1.jar:na]
	at liquibase.Scope.child(Scope.java:200) ~[liquibase-core-4.29.1.jar:na]
	at liquibase.Scope.child(Scope.java:190) ~[liquibase-core-4.29.1.jar:na]
	at liquibase.Scope.child(Scope.java:169) ~[liquibase-core-4.29.1.jar:na]
	at liquibase.Scope.child(Scope.java:257) ~[liquibase-core-4.29.1.jar:na]
	at liquibase.Scope.child(Scope.java:261) ~[liquibase-core-4.29.1.jar:na]
	at liquibase.changelog.ChangeLogIterator.run(ChangeLogIterator.java:89) ~[liquibase-core-4.29.1.jar:na]
	at liquibase.command.core.AbstractUpdateCommandStep.lambda$run$0(AbstractUpdateCommandStep.java:113) ~[liquibase-core-4.29.1.jar:na]
	at liquibase.Scope.lambda$child$0(Scope.java:191) ~[liquibase-core-4.29.1.jar:na]
	at liquibase.Scope.child(Scope.java:200) ~[liquibase-core-4.29.1.jar:na]
	at liquibase.Scope.child(Scope.java:190) ~[liquibase-core-4.29.1.jar:na]
	at liquibase.Scope.child(Scope.java:169) ~[liquibase-core-4.29.1.jar:na]
	at liquibase.command.core.AbstractUpdateCommandStep.run(AbstractUpdateCommandStep.java:111) ~[liquibase-core-4.29.1.jar:na]
	at liquibase.command.core.UpdateCommandStep.run(UpdateCommandStep.java:105) ~[liquibase-core-4.29.1.jar:na]
	at liquibase.command.CommandScope.execute(CommandScope.java:220) ~[liquibase-core-4.29.1.jar:na]
	at liquibase.Liquibase.lambda$update$0(Liquibase.java:216) ~[liquibase-core-4.29.1.jar:na]
	at liquibase.Scope.lambda$child$0(Scope.java:191) ~[liquibase-core-4.29.1.jar:na]
	at liquibase.Scope.child(Scope.java:200) ~[liquibase-core-4.29.1.jar:na]
	at liquibase.Scope.child(Scope.java:190) ~[liquibase-core-4.29.1.jar:na]
	at liquibase.Scope.child(Scope.java:169) ~[liquibase-core-4.29.1.jar:na]
	at liquibase.Liquibase.runInScope(Liquibase.java:1290) ~[liquibase-core-4.29.1.jar:na]
	at liquibase.Liquibase.update(Liquibase.java:205) ~[liquibase-core-4.29.1.jar:na]
	at liquibase.Liquibase.update(Liquibase.java:188) ~[liquibase-core-4.29.1.jar:na]
	at liquibase.integration.spring.SpringLiquibase.performUpdate(SpringLiquibase.java:305) ~[liquibase-core-4.29.1.jar:na]
	at liquibase.integration.spring.SpringLiquibase.lambda$afterPropertiesSet$0(SpringLiquibase.java:257) ~[liquibase-core-4.29.1.jar:na]
	at liquibase.Scope.lambda$child$0(Scope.java:191) ~[liquibase-core-4.29.1.jar:na]
	at liquibase.Scope.child(Scope.java:200) ~[liquibase-core-4.29.1.jar:na]
	at liquibase.Scope.child(Scope.java:190) ~[liquibase-core-4.29.1.jar:na]
	at liquibase.Scope.child(Scope.java:169) ~[liquibase-core-4.29.1.jar:na]
	at liquibase.Scope.child(Scope.java:257) ~[liquibase-core-4.29.1.jar:na]
	at liquibase.integration.spring.SpringLiquibase.afterPropertiesSet(SpringLiquibase.java:250) ~[liquibase-core-4.29.1.jar:na]
	at org.springframework.beans.factory.support.AbstractAutowireCapableBeanFactory.invokeInitMethods(AbstractAutowireCapableBeanFactory.java:1853) ~[spring-beans-6.1.12.jar:6.1.12]
	at org.springframework.beans.factory.support.AbstractAutowireCapableBeanFactory.initializeBean(AbstractAutowireCapableBeanFactory.java:1802) ~[spring-beans-6.1.12.jar:6.1.12]
	at org.springframework.beans.factory.support.AbstractAutowireCapableBeanFactory.doCreateBean(AbstractAutowireCapableBeanFactory.java:600) ~[spring-beans-6.1.12.jar:6.1.12]
	at org.springframework.beans.factory.support.AbstractAutowireCapableBeanFactory.createBean(AbstractAutowireCapableBeanFactory.java:522) ~[spring-beans-6.1.12.jar:6.1.12]
	at org.springframework.beans.factory.support.AbstractBeanFactory.lambda$doGetBean$0(AbstractBeanFactory.java:337) ~[spring-beans-6.1.12.jar:6.1.12]
	at org.springframework.beans.factory.support.DefaultSingletonBeanRegistry.getSingleton(DefaultSingletonBeanRegistry.java:234) ~[spring-beans-6.1.12.jar:6.1.12]
	at org.springframework.beans.factory.support.AbstractBeanFactory.doGetBean(AbstractBeanFactory.java:335) ~[spring-beans-6.1.12.jar:6.1.12]
	at org.springframework.beans.factory.support.AbstractBeanFactory.getBean(AbstractBeanFactory.java:200) ~[spring-beans-6.1.12.jar:6.1.12]
	at org.springframework.beans.factory.support.AbstractBeanFactory.doGetBean(AbstractBeanFactory.java:313) ~[spring-beans-6.1.12.jar:6.1.12]
	at org.springframework.beans.factory.support.AbstractBeanFactory.getBean(AbstractBeanFactory.java:205) ~[spring-beans-6.1.12.jar:6.1.12]
	at org.springframework.context.support.AbstractApplicationContext.finishBeanFactoryInitialization(AbstractApplicationContext.java:954) ~[spring-context-6.1.12.jar:6.1.12]
	at org.springframework.context.support.AbstractApplicationContext.refresh(AbstractApplicationContext.java:625) ~[spring-context-6.1.12.jar:6.1.12]
	at org.springframework.boot.web.servlet.context.ServletWebServerApplicationContext.refresh(ServletWebServerApplicationContext.java:146) ~[spring-boot-3.3.3.jar:3.3.3]
	at org.springframework.boot.SpringApplication.refresh(SpringApplication.java:754) ~[spring-boot-3.3.3.jar:3.3.3]
	at org.springframework.boot.SpringApplication.refreshContext(SpringApplication.java:456) ~[spring-boot-3.3.3.jar:3.3.3]
	at org.springframework.boot.SpringApplication.run(SpringApplication.java:335) ~[spring-boot-3.3.3.jar:3.3.3]
	at org.springframework.boot.SpringApplication.run(SpringApplication.java:1363) ~[spring-boot-3.3.3.jar:3.3.3]
	at org.springframework.boot.SpringApplication.run(SpringApplication.java:1352) ~[spring-boot-3.3.3.jar:3.3.3]
	at com.example.tazameken.TazaMekenApplication.main(TazaMekenApplication.java:10) ~[classes/:na]
Caused by: org.postgresql.util.PSQLException: ERROR: type "long" does not exist
  Позиция: 189
	at org.postgresql.core.v3.QueryExecutorImpl.receiveErrorResponse(QueryExecutorImpl.java:2725) ~[postgresql-42.7.3.jar:42.7.3]
	at org.postgresql.core.v3.QueryExecutorImpl.processResults(QueryExecutorImpl.java:2412) ~[postgresql-42.7.3.jar:42.7.3]
	at org.postgresql.core.v3.QueryExecutorImpl.execute(QueryExecutorImpl.java:371) ~[postgresql-42.7.3.jar:42.7.3]
	at org.postgresql.jdbc.PgStatement.executeInternal(PgStatement.java:502) ~[postgresql-42.7.3.jar:42.7.3]
	at org.postgresql.jdbc.PgStatement.execute(PgStatement.java:419) ~[postgresql-42.7.3.jar:42.7.3]
	at org.postgresql.jdbc.PgStatement.executeWithFlags(PgStatement.java:341) ~[postgresql-42.7.3.jar:42.7.3]
	at org.postgresql.jdbc.PgStatement.executeCachedSql(PgStatement.java:326) ~[postgresql-42.7.3.jar:42.7.3]
	at org.postgresql.jdbc.PgStatement.executeWithFlags(PgStatement.java:302) ~[postgresql-42.7.3.jar:42.7.3]
	at org.postgresql.jdbc.PgStatement.execute(PgStatement.java:297) ~[postgresql-42.7.3.jar:42.7.3]
	at com.zaxxer.hikari.pool.ProxyStatement.execute(ProxyStatement.java:94) ~[HikariCP-5.1.0.jar:na]
	at com.zaxxer.hikari.pool.HikariProxyStatement.execute(HikariProxyStatement.java) ~[HikariCP-5.1.0.jar:na]
	at liquibase.executor.jvm.JdbcExecutor$ExecuteStatementCallback.doInStatement(JdbcExecutor.java:470) ~[liquibase-core-4.29.1.jar:na]
	... 63 common frames omitted

2024-09-15T07:47:46.057+03:00  INFO 13064 --- [main] liquibase.util                           : UPDATE SUMMARY
2024-09-15T07:47:46.058+03:00  INFO 13064 --- [main] liquibase.util                           : Run:                          0
2024-09-15T07:47:46.059+03:00  INFO 13064 --- [main] liquibase.util                           : Previously run:               3
2024-09-15T07:47:46.065+03:00  INFO 13064 --- [main] liquibase.util                           : Filtered out:                 0
2024-09-15T07:47:46.066+03:00  INFO 13064 --- [main] liquibase.util                           : -------------------------------
2024-09-15T07:47:46.066+03:00  INFO 13064 --- [main] liquibase.util                           : Total change sets:            4
2024-09-15T07:47:46.071+03:00  INFO 13064 --- [main] liquibase.util                           : Update summary generated
2024-09-15T07:47:46.080+03:00  INFO 13064 --- [main] liquibase.command                        : Update command encountered an exception.
2024-09-15T07:47:46.102+03:00  INFO 13064 --- [main] liquibase.lockservice                    : Successfully released change log lock
2024-09-15T07:47:46.115+03:00  INFO 13064 --- [main] liquibase.command                        : Logging exception.
2024-09-15T07:47:46.116+03:00  INFO 13064 --- [main] liquibase.ui                             : ERROR: Exception Details
2024-09-15T07:47:46.117+03:00  INFO 13064 --- [main] liquibase.ui                             : ERROR: Exception Primary Class:  PSQLException
2024-09-15T07:47:46.118+03:00  INFO 13064 --- [main] liquibase.ui                             : ERROR: Exception Primary Reason:  ERROR: type "long" does not exist
  Позиция: 189
2024-09-15T07:47:46.119+03:00  INFO 13064 --- [main] liquibase.ui                             : ERROR: Exception Primary Source:  PostgreSQL 16.3 (Debian 16.3-1.pgdg120+1)
2024-09-15T07:47:46.121+03:00  INFO 13064 --- [main] liquibase.command                        : Command execution complete
2024-09-15T07:47:46.134+03:00  WARN 13064 --- [main] ConfigServletWebServerApplicationContext : Exception encountered during context initialization - cancelling refresh attempt: org.springframework.beans.factory.BeanCreationException: Error creating bean with name 'entityManagerFactory' defined in class path resource [org/springframework/boot/autoconfigure/orm/jpa/HibernateJpaConfiguration.class]: Failed to initialize dependency 'liquibase' of LoadTimeWeaverAware bean 'entityManagerFactory': Error creating bean with name 'liquibase' defined in class path resource [org/springframework/boot/autoconfigure/liquibase/LiquibaseAutoConfiguration$LiquibaseConfiguration.class]: liquibase.exception.CommandExecutionException: liquibase.exception.LiquibaseException: liquibase.exception.MigrationFailedException: Migration failed for changeset db/changelog/initial/004_create_tables_for_marketplace.yaml::create tables for marketplace::Argen:
     Reason: liquibase.exception.DatabaseException: ERROR: type "long" does not exist
  Позиция: 189 [Failed SQL: (0) CREATE TABLE public.clothes (id BIGINT GENERATED BY DEFAULT AS IDENTITY NOT NULL, category_id BIGINT NOT NULL, color_id BIGINT NOT NULL, gender_id BIGINT NOT NULL, size VARCHAR(10), price LONG, photo_name VARCHAR(250), is_sold BOOLEAN, CONSTRAINT clothes_pkey PRIMARY KEY (id), CONSTRAINT fk_color_clothes_id FOREIGN KEY (color_id) REFERENCES public.colors(id), CONSTRAINT fk_gender_clothes_id FOREIGN KEY (gender_id) REFERENCES public.genders(id), CONSTRAINT fk_category_clothes_id FOREIGN KEY (category_id) REFERENCES public.categories(id))]
2024-09-15T07:47:46.135+03:00  INFO 13064 --- [main] com.zaxxer.hikari.HikariDataSource       : HikariPool-1 - Shutdown initiated...
2024-09-15T07:47:46.146+03:00  INFO 13064 --- [main] com.zaxxer.hikari.HikariDataSource       : HikariPool-1 - Shutdown completed.
2024-09-15T07:47:46.154+03:00  INFO 13064 --- [main] o.apache.catalina.core.StandardService   : Stopping service [Tomcat]
2024-09-15T07:47:46.181+03:00  INFO 13064 --- [main] .s.b.a.l.ConditionEvaluationReportLogger : 

Error starting ApplicationContext. To display the condition evaluation report re-run your application with 'debug' enabled.
2024-09-15T07:47:46.219+03:00 ERROR 13064 --- [main] o.s.boot.SpringApplication               : Application run failed

org.springframework.beans.factory.BeanCreationException: Error creating bean with name 'entityManagerFactory' defined in class path resource [org/springframework/boot/autoconfigure/orm/jpa/HibernateJpaConfiguration.class]: Failed to initialize dependency 'liquibase' of LoadTimeWeaverAware bean 'entityManagerFactory': Error creating bean with name 'liquibase' defined in class path resource [org/springframework/boot/autoconfigure/liquibase/LiquibaseAutoConfiguration$LiquibaseConfiguration.class]: liquibase.exception.CommandExecutionException: liquibase.exception.LiquibaseException: liquibase.exception.MigrationFailedException: Migration failed for changeset db/changelog/initial/004_create_tables_for_marketplace.yaml::create tables for marketplace::Argen:
     Reason: liquibase.exception.DatabaseException: ERROR: type "long" does not exist
  Позиция: 189 [Failed SQL: (0) CREATE TABLE public.clothes (id BIGINT GENERATED BY DEFAULT AS IDENTITY NOT NULL, category_id BIGINT NOT NULL, color_id BIGINT NOT NULL, gender_id BIGINT NOT NULL, size VARCHAR(10), price LONG, photo_name VARCHAR(250), is_sold BOOLEAN, CONSTRAINT clothes_pkey PRIMARY KEY (id), CONSTRAINT fk_color_clothes_id FOREIGN KEY (color_id) REFERENCES public.colors(id), CONSTRAINT fk_gender_clothes_id FOREIGN KEY (gender_id) REFERENCES public.genders(id), CONSTRAINT fk_category_clothes_id FOREIGN KEY (category_id) REFERENCES public.categories(id))]
	at org.springframework.beans.factory.support.AbstractBeanFactory.doGetBean(AbstractBeanFactory.java:326) ~[spring-beans-6.1.12.jar:6.1.12]
	at org.springframework.beans.factory.support.AbstractBeanFactory.getBean(AbstractBeanFactory.java:205) ~[spring-beans-6.1.12.jar:6.1.12]
	at org.springframework.context.support.AbstractApplicationContext.finishBeanFactoryInitialization(AbstractApplicationContext.java:954) ~[spring-context-6.1.12.jar:6.1.12]
	at org.springframework.context.support.AbstractApplicationContext.refresh(AbstractApplicationContext.java:625) ~[spring-context-6.1.12.jar:6.1.12]
	at org.springframework.boot.web.servlet.context.ServletWebServerApplicationContext.refresh(ServletWebServerApplicationContext.java:146) ~[spring-boot-3.3.3.jar:3.3.3]
	at org.springframework.boot.SpringApplication.refresh(SpringApplication.java:754) ~[spring-boot-3.3.3.jar:3.3.3]
	at org.springframework.boot.SpringApplication.refreshContext(SpringApplication.java:456) ~[spring-boot-3.3.3.jar:3.3.3]
	at org.springframework.boot.SpringApplication.run(SpringApplication.java:335) ~[spring-boot-3.3.3.jar:3.3.3]
	at org.springframework.boot.SpringApplication.run(SpringApplication.java:1363) ~[spring-boot-3.3.3.jar:3.3.3]
	at org.springframework.boot.SpringApplication.run(SpringApplication.java:1352) ~[spring-boot-3.3.3.jar:3.3.3]
	at com.example.tazameken.TazaMekenApplication.main(TazaMekenApplication.java:10) ~[classes/:na]
Caused by: org.springframework.beans.factory.BeanCreationException: Error creating bean with name 'liquibase' defined in class path resource [org/springframework/boot/autoconfigure/liquibase/LiquibaseAutoConfiguration$LiquibaseConfiguration.class]: liquibase.exception.CommandExecutionException: liquibase.exception.LiquibaseException: liquibase.exception.MigrationFailedException: Migration failed for changeset db/changelog/initial/004_create_tables_for_marketplace.yaml::create tables for marketplace::Argen:
     Reason: liquibase.exception.DatabaseException: ERROR: type "long" does not exist
  Позиция: 189 [Failed SQL: (0) CREATE TABLE public.clothes (id BIGINT GENERATED BY DEFAULT AS IDENTITY NOT NULL, category_id BIGINT NOT NULL, color_id BIGINT NOT NULL, gender_id BIGINT NOT NULL, size VARCHAR(10), price LONG, photo_name VARCHAR(250), is_sold BOOLEAN, CONSTRAINT clothes_pkey PRIMARY KEY (id), CONSTRAINT fk_color_clothes_id FOREIGN KEY (color_id) REFERENCES public.colors(id), CONSTRAINT fk_gender_clothes_id FOREIGN KEY (gender_id) REFERENCES public.genders(id), CONSTRAINT fk_category_clothes_id FOREIGN KEY (category_id) REFERENCES public.categories(id))]
	at org.springframework.beans.factory.support.AbstractAutowireCapableBeanFactory.initializeBean(AbstractAutowireCapableBeanFactory.java:1806) ~[spring-beans-6.1.12.jar:6.1.12]
	at org.springframework.beans.factory.support.AbstractAutowireCapableBeanFactory.doCreateBean(AbstractAutowireCapableBeanFactory.java:600) ~[spring-beans-6.1.12.jar:6.1.12]
	at org.springframework.beans.factory.support.AbstractAutowireCapableBeanFactory.createBean(AbstractAutowireCapableBeanFactory.java:522) ~[spring-beans-6.1.12.jar:6.1.12]
	at org.springframework.beans.factory.support.AbstractBeanFactory.lambda$doGetBean$0(AbstractBeanFactory.java:337) ~[spring-beans-6.1.12.jar:6.1.12]
	at org.springframework.beans.factory.support.DefaultSingletonBeanRegistry.getSingleton(DefaultSingletonBeanRegistry.java:234) ~[spring-beans-6.1.12.jar:6.1.12]
	at org.springframework.beans.factory.support.AbstractBeanFactory.doGetBean(AbstractBeanFactory.java:335) ~[spring-beans-6.1.12.jar:6.1.12]
	at org.springframework.beans.factory.support.AbstractBeanFactory.getBean(AbstractBeanFactory.java:200) ~[spring-beans-6.1.12.jar:6.1.12]
	at org.springframework.beans.factory.support.AbstractBeanFactory.doGetBean(AbstractBeanFactory.java:313) ~[spring-beans-6.1.12.jar:6.1.12]
	... 10 common frames omitted
Caused by: liquibase.exception.UnexpectedLiquibaseException: liquibase.exception.CommandExecutionException: liquibase.exception.LiquibaseException: liquibase.exception.MigrationFailedException: Migration failed for changeset db/changelog/initial/004_create_tables_for_marketplace.yaml::create tables for marketplace::Argen:
     Reason: liquibase.exception.DatabaseException: ERROR: type "long" does not exist
  Позиция: 189 [Failed SQL: (0) CREATE TABLE public.clothes (id BIGINT GENERATED BY DEFAULT AS IDENTITY NOT NULL, category_id BIGINT NOT NULL, color_id BIGINT NOT NULL, gender_id BIGINT NOT NULL, size VARCHAR(10), price LONG, photo_name VARCHAR(250), is_sold BOOLEAN, CONSTRAINT clothes_pkey PRIMARY KEY (id), CONSTRAINT fk_color_clothes_id FOREIGN KEY (color_id) REFERENCES public.colors(id), CONSTRAINT fk_gender_clothes_id FOREIGN KEY (gender_id) REFERENCES public.genders(id), CONSTRAINT fk_category_clothes_id FOREIGN KEY (category_id) REFERENCES public.categories(id))]
	at liquibase.integration.spring.SpringLiquibase.afterPropertiesSet(SpringLiquibase.java:267) ~[liquibase-core-4.29.1.jar:na]
	at org.springframework.beans.factory.support.AbstractAutowireCapableBeanFactory.invokeInitMethods(AbstractAutowireCapableBeanFactory.java:1853) ~[spring-beans-6.1.12.jar:6.1.12]
	at org.springframework.beans.factory.support.AbstractAutowireCapableBeanFactory.initializeBean(AbstractAutowireCapableBeanFactory.java:1802) ~[spring-beans-6.1.12.jar:6.1.12]
	... 17 common frames omitted
Caused by: liquibase.exception.CommandExecutionException: liquibase.exception.LiquibaseException: liquibase.exception.MigrationFailedException: Migration failed for changeset db/changelog/initial/004_create_tables_for_marketplace.yaml::create tables for marketplace::Argen:
     Reason: liquibase.exception.DatabaseException: ERROR: type "long" does not exist
  Позиция: 189 [Failed SQL: (0) CREATE TABLE public.clothes (id BIGINT GENERATED BY DEFAULT AS IDENTITY NOT NULL, category_id BIGINT NOT NULL, color_id BIGINT NOT NULL, gender_id BIGINT NOT NULL, size VARCHAR(10), price LONG, photo_name VARCHAR(250), is_sold BOOLEAN, CONSTRAINT clothes_pkey PRIMARY KEY (id), CONSTRAINT fk_color_clothes_id FOREIGN KEY (color_id) REFERENCES public.colors(id), CONSTRAINT fk_gender_clothes_id FOREIGN KEY (gender_id) REFERENCES public.genders(id), CONSTRAINT fk_category_clothes_id FOREIGN KEY (category_id) REFERENCES public.categories(id))]
	at liquibase.command.CommandScope.execute(CommandScope.java:258) ~[liquibase-core-4.29.1.jar:na]
	at liquibase.Liquibase.lambda$update$0(Liquibase.java:216) ~[liquibase-core-4.29.1.jar:na]
	at liquibase.Scope.lambda$child$0(Scope.java:191) ~[liquibase-core-4.29.1.jar:na]
	at liquibase.Scope.child(Scope.java:200) ~[liquibase-core-4.29.1.jar:na]
	at liquibase.Scope.child(Scope.java:190) ~[liquibase-core-4.29.1.jar:na]
	at liquibase.Scope.child(Scope.java:169) ~[liquibase-core-4.29.1.jar:na]
	at liquibase.Liquibase.runInScope(Liquibase.java:1290) ~[liquibase-core-4.29.1.jar:na]
	at liquibase.Liquibase.update(Liquibase.java:205) ~[liquibase-core-4.29.1.jar:na]
	at liquibase.Liquibase.update(Liquibase.java:188) ~[liquibase-core-4.29.1.jar:na]
	at liquibase.integration.spring.SpringLiquibase.performUpdate(SpringLiquibase.java:305) ~[liquibase-core-4.29.1.jar:na]
	at liquibase.integration.spring.SpringLiquibase.lambda$afterPropertiesSet$0(SpringLiquibase.java:257) ~[liquibase-core-4.29.1.jar:na]
	at liquibase.Scope.lambda$child$0(Scope.java:191) ~[liquibase-core-4.29.1.jar:na]
	at liquibase.Scope.child(Scope.java:200) ~[liquibase-core-4.29.1.jar:na]
	at liquibase.Scope.child(Scope.java:190) ~[liquibase-core-4.29.1.jar:na]
	at liquibase.Scope.child(Scope.java:169) ~[liquibase-core-4.29.1.jar:na]
	at liquibase.Scope.child(Scope.java:257) ~[liquibase-core-4.29.1.jar:na]
	at liquibase.integration.spring.SpringLiquibase.afterPropertiesSet(SpringLiquibase.java:250) ~[liquibase-core-4.29.1.jar:na]
	... 19 common frames omitted
Caused by: liquibase.exception.LiquibaseException: liquibase.exception.MigrationFailedException: Migration failed for changeset db/changelog/initial/004_create_tables_for_marketplace.yaml::create tables for marketplace::Argen:
     Reason: liquibase.exception.DatabaseException: ERROR: type "long" does not exist
  Позиция: 189 [Failed SQL: (0) CREATE TABLE public.clothes (id BIGINT GENERATED BY DEFAULT AS IDENTITY NOT NULL, category_id BIGINT NOT NULL, color_id BIGINT NOT NULL, gender_id BIGINT NOT NULL, size VARCHAR(10), price LONG, photo_name VARCHAR(250), is_sold BOOLEAN, CONSTRAINT clothes_pkey PRIMARY KEY (id), CONSTRAINT fk_color_clothes_id FOREIGN KEY (color_id) REFERENCES public.colors(id), CONSTRAINT fk_gender_clothes_id FOREIGN KEY (gender_id) REFERENCES public.genders(id), CONSTRAINT fk_category_clothes_id FOREIGN KEY (category_id) REFERENCES public.categories(id))]
	at liquibase.changelog.ChangeLogIterator.run(ChangeLogIterator.java:148) ~[liquibase-core-4.29.1.jar:na]
	at liquibase.command.core.AbstractUpdateCommandStep.lambda$run$0(AbstractUpdateCommandStep.java:113) ~[liquibase-core-4.29.1.jar:na]
	at liquibase.Scope.lambda$child$0(Scope.java:191) ~[liquibase-core-4.29.1.jar:na]
	at liquibase.Scope.child(Scope.java:200) ~[liquibase-core-4.29.1.jar:na]
	at liquibase.Scope.child(Scope.java:190) ~[liquibase-core-4.29.1.jar:na]
	at liquibase.Scope.child(Scope.java:169) ~[liquibase-core-4.29.1.jar:na]
	at liquibase.command.core.AbstractUpdateCommandStep.run(AbstractUpdateCommandStep.java:111) ~[liquibase-core-4.29.1.jar:na]
	at liquibase.command.core.UpdateCommandStep.run(UpdateCommandStep.java:105) ~[liquibase-core-4.29.1.jar:na]
	at liquibase.command.CommandScope.execute(CommandScope.java:220) ~[liquibase-core-4.29.1.jar:na]
	... 35 common frames omitted
Caused by: liquibase.exception.MigrationFailedException: Migration failed for changeset db/changelog/initial/004_create_tables_for_marketplace.yaml::create tables for marketplace::Argen:
     Reason: liquibase.exception.DatabaseException: ERROR: type "long" does not exist
  Позиция: 189 [Failed SQL: (0) CREATE TABLE public.clothes (id BIGINT GENERATED BY DEFAULT AS IDENTITY NOT NULL, category_id BIGINT NOT NULL, color_id BIGINT NOT NULL, gender_id BIGINT NOT NULL, size VARCHAR(10), price LONG, photo_name VARCHAR(250), is_sold BOOLEAN, CONSTRAINT clothes_pkey PRIMARY KEY (id), CONSTRAINT fk_color_clothes_id FOREIGN KEY (color_id) REFERENCES public.colors(id), CONSTRAINT fk_gender_clothes_id FOREIGN KEY (gender_id) REFERENCES public.genders(id), CONSTRAINT fk_category_clothes_id FOREIGN KEY (category_id) REFERENCES public.categories(id))]
	at liquibase.changelog.ChangeSet.execute(ChangeSet.java:819) ~[liquibase-core-4.29.1.jar:na]
	at liquibase.changelog.visitor.UpdateVisitor.executeAcceptedChange(UpdateVisitor.java:119) ~[liquibase-core-4.29.1.jar:na]
	at liquibase.changelog.visitor.UpdateVisitor.visit(UpdateVisitor.java:68) ~[liquibase-core-4.29.1.jar:na]
	at liquibase.changelog.ChangeLogIterator.lambda$run$0(ChangeLogIterator.java:131) ~[liquibase-core-4.29.1.jar:na]
	at liquibase.Scope.lambda$child$0(Scope.java:191) ~[liquibase-core-4.29.1.jar:na]
	at liquibase.Scope.child(Scope.java:200) ~[liquibase-core-4.29.1.jar:na]
	at liquibase.Scope.child(Scope.java:190) ~[liquibase-core-4.29.1.jar:na]
	at liquibase.Scope.child(Scope.java:169) ~[liquibase-core-4.29.1.jar:na]
	at liquibase.changelog.ChangeLogIterator.lambda$run$1(ChangeLogIterator.java:120) ~[liquibase-core-4.29.1.jar:na]
	at liquibase.Scope.lambda$child$0(Scope.java:191) ~[liquibase-core-4.29.1.jar:na]
	at liquibase.Scope.child(Scope.java:200) ~[liquibase-core-4.29.1.jar:na]
	at liquibase.Scope.child(Scope.java:190) ~[liquibase-core-4.29.1.jar:na]
	at liquibase.Scope.child(Scope.java:169) ~[liquibase-core-4.29.1.jar:na]
	at liquibase.Scope.child(Scope.java:257) ~[liquibase-core-4.29.1.jar:na]
	at liquibase.Scope.child(Scope.java:261) ~[liquibase-core-4.29.1.jar:na]
	at liquibase.changelog.ChangeLogIterator.run(ChangeLogIterator.java:89) ~[liquibase-core-4.29.1.jar:na]
	... 43 common frames omitted
Caused by: liquibase.exception.DatabaseException: ERROR: type "long" does not exist
  Позиция: 189 [Failed SQL: (0) CREATE TABLE public.clothes (id BIGINT GENERATED BY DEFAULT AS IDENTITY NOT NULL, category_id BIGINT NOT NULL, color_id BIGINT NOT NULL, gender_id BIGINT NOT NULL, size VARCHAR(10), price LONG, photo_name VARCHAR(250), is_sold BOOLEAN, CONSTRAINT clothes_pkey PRIMARY KEY (id), CONSTRAINT fk_color_clothes_id FOREIGN KEY (color_id) REFERENCES public.colors(id), CONSTRAINT fk_gender_clothes_id FOREIGN KEY (gender_id) REFERENCES public.genders(id), CONSTRAINT fk_category_clothes_id FOREIGN KEY (category_id) REFERENCES public.categories(id))]
	at liquibase.executor.jvm.JdbcExecutor$ExecuteStatementCallback.doInStatement(JdbcExecutor.java:476) ~[liquibase-core-4.29.1.jar:na]
	at liquibase.executor.jvm.JdbcExecutor.execute(JdbcExecutor.java:83) ~[liquibase-core-4.29.1.jar:na]
	at liquibase.executor.jvm.JdbcExecutor.execute(JdbcExecutor.java:185) ~[liquibase-core-4.29.1.jar:na]
	at liquibase.executor.AbstractExecutor.execute(AbstractExecutor.java:141) ~[liquibase-core-4.29.1.jar:na]
	at liquibase.database.AbstractJdbcDatabase.executeStatements(AbstractJdbcDatabase.java:1189) ~[liquibase-core-4.29.1.jar:na]
	at liquibase.changelog.ChangeSet.execute(ChangeSet.java:775) ~[liquibase-core-4.29.1.jar:na]
	... 58 common frames omitted
Caused by: org.postgresql.util.PSQLException: ERROR: type "long" does not exist
  Позиция: 189
	at org.postgresql.core.v3.QueryExecutorImpl.receiveErrorResponse(QueryExecutorImpl.java:2725) ~[postgresql-42.7.3.jar:42.7.3]
	at org.postgresql.core.v3.QueryExecutorImpl.processResults(QueryExecutorImpl.java:2412) ~[postgresql-42.7.3.jar:42.7.3]
	at org.postgresql.core.v3.QueryExecutorImpl.execute(QueryExecutorImpl.java:371) ~[postgresql-42.7.3.jar:42.7.3]
	at org.postgresql.jdbc.PgStatement.executeInternal(PgStatement.java:502) ~[postgresql-42.7.3.jar:42.7.3]
	at org.postgresql.jdbc.PgStatement.execute(PgStatement.java:419) ~[postgresql-42.7.3.jar:42.7.3]
	at org.postgresql.jdbc.PgStatement.executeWithFlags(PgStatement.java:341) ~[postgresql-42.7.3.jar:42.7.3]
	at org.postgresql.jdbc.PgStatement.executeCachedSql(PgStatement.java:326) ~[postgresql-42.7.3.jar:42.7.3]
	at org.postgresql.jdbc.PgStatement.executeWithFlags(PgStatement.java:302) ~[postgresql-42.7.3.jar:42.7.3]
	at org.postgresql.jdbc.PgStatement.execute(PgStatement.java:297) ~[postgresql-42.7.3.jar:42.7.3]
	at com.zaxxer.hikari.pool.ProxyStatement.execute(ProxyStatement.java:94) ~[HikariCP-5.1.0.jar:na]
	at com.zaxxer.hikari.pool.HikariProxyStatement.execute(HikariProxyStatement.java) ~[HikariCP-5.1.0.jar:na]
	at liquibase.executor.jvm.JdbcExecutor$ExecuteStatementCallback.doInStatement(JdbcExecutor.java:470) ~[liquibase-core-4.29.1.jar:na]
	... 63 common frames omitted

